<?xml version="1.0" encoding="UTF-8"?>
<!-- Generated by org.testng.reporters.JUnitXMLReporter -->
<testsuite ignored="0" hostname="SangeethaG" failures="1" tests="3" name="Cucumber BDD Suite" time="57.295" errors="0" timestamp="2025-06-24T22:12:39 EDT">
  <testcase classname="io.cucumber.testng.AbstractTestNGCucumberTests" name="runScenario" time="17.975">
    <failure type="java.lang.AssertionError" message="The following asserts failed:
	Wrong product: Sleeves Top and Short - Blue &amp;amp; Pink expected [true] but found [false],
	Wrong product: Sleeveless Unicorn Patch Gown - Pink expected [true] but found [false]">
      <![CDATA[java.lang.AssertionError: The following asserts failed:
Wrong product: Sleeves Top and Short - Blue & Pink expected [true] but found [false],
Wrong product: Sleeveless Unicorn Patch Gown - Pink expected [true] but found [false]
at automationexercise_StepDefinitions.AE_Testcase_CartFunctions_TestNG_Steps.verify_if_all_the_products_displayed_are_dresses(AE_Testcase_CartFunctions_TestNG_Steps.java:76)
at âœ½.Verify if all the products displayed are dresses(file:///C:/Users/iamsa/eclipse/cucumberBDD/cucumberBDD/src/test/resources/features/AE_Testcases__CartFunctions_TestNG.feature:16)
... Removed 2 stack frames]]>
    </failure>
  </testcase> <!-- runScenario -->
  <testcase classname="io.cucumber.testng.AbstractTestNGCucumberTests" name="runScenario" time="19.748"/>
  <testcase classname="io.cucumber.testng.AbstractTestNGCucumberTests" name="runScenario" time="14.099"/>
</testsuite> <!-- Cucumber BDD Suite -->
