<html>
<head>
<title>TestNG:  Cucumber BDD Suite</title>
<link href="../testng.css" rel="stylesheet" type="text/css" />
<link href="../my-testng.css" rel="stylesheet" type="text/css" />

<style type="text/css">
.log { display: none;} 
.stack-trace { display: none;} 
</style>
<script type="text/javascript">
<!--
function flip(e) {
  current = e.style.display;
  if (current == 'block') {
    e.style.display = 'none';
    return 0;
  }
  else {
    e.style.display = 'block';
    return 1;
  }
}

function toggleBox(szDivId, elem, msg1, msg2)
{
  var res = -1;  if (document.getElementById) {
    res = flip(document.getElementById(szDivId));
  }
  else if (document.all) {
    // this is the way old msie versions work
    res = flip(document.all[szDivId]);
  }
  if(elem) {
    if(res == 0) elem.innerHTML = msg1; else elem.innerHTML = msg2;
  }

}

function toggleAllBoxes() {
  if (document.getElementsByTagName) {
    d = document.getElementsByTagName('div');
    for (i = 0; i < d.length; i++) {
      if (d[i].className == 'log') {
        flip(d[i]);
      }
    }
  }
}

// -->
</script>

</head>
<body>
<h2 align='center'>Cucumber BDD Suite</h2><table border='1' align="center">
<tr>
<td>Tests passed/Failed/Skipped:</td><td>2/1/0</td>
</tr><tr>
<td>Started on:</td><td>Tue Jun 24 22:11:42 EDT 2025</td>
</tr>
<tr><td>Total time:</td><td>57 seconds (57295 ms)</td>
</tr><tr>
<td>Included groups:</td><td></td>
</tr><tr>
<td>Excluded groups:</td><td></td>
</tr>
</table><p/>
<small><i>(Hover the method name to see the test class name)</i></small><p/>
<table width='100%' border='1' class='invocation-failed'>
<tr><td colspan='4' align='center'><b>FAILED TESTS</b></td></tr>
<tr><td><b>Test method</b></td>
<td><b>Attribute(s)</b></td>
<td width="30%"><b>Exception</b></td>
<td width="10%"><b>Time (seconds)</b></td>
<td><b>Instance</b></td>
</tr>
<tr>
<td title='automationexercise_TestRunner.TestRunner_TestNG.runScenario()'><b>runScenario</b><br>Test class: automationexercise_TestRunner.TestRunner_TestNG<br>Test method: Runs Cucumber Scenarios<br>Parameters: "User searches for a product", "To verify search product,add to cart and delete from cart"</td>
<td><div><pre>java.lang.AssertionError: The following asserts failed:
	Wrong product: Sleeves Top and Short - Blue &amp; Pink expected [true] but found [false],
	Wrong product: Sleeveless Unicorn Patch Gown - Pink expected [true] but found [false]
	at automationexercise_StepDefinitions.AE_Testcase_CartFunctions_TestNG_Steps.verify_if_all_the_products_displayed_are_dresses(AE_Testcase_CartFunctions_TestNG_Steps.java:76)
	at ✽.Verify if all the products displayed are dresses(file:///C:/Users/iamsa/eclipse/cucumberBDD/cucumberBDD/src/test/resources/features/AE_Testcases__CartFunctions_TestNG.feature:16)
... Removed 2 stack frames</pre></div><a href='#' onClick='toggleBox("stack-trace1515248124", this, "Click to show all stack frames", "Click to hide stack frames")'>Click to show all stack frames</a>
<div class='stack-trace' id='stack-trace1515248124'><pre>java.lang.AssertionError: The following asserts failed:
	Wrong product: Sleeves Top and Short - Blue &amp; Pink expected [true] but found [false],
	Wrong product: Sleeveless Unicorn Patch Gown - Pink expected [true] but found [false]
	at org.testng.asserts.SoftAssert.assertAll(SoftAssert.java:46)
	at org.testng.asserts.SoftAssert.assertAll(SoftAssert.java:30)
	at automationexercise_StepDefinitions.AE_Testcase_CartFunctions_TestNG_Steps.verify_if_all_the_products_displayed_are_dresses(AE_Testcase_CartFunctions_TestNG_Steps.java:76)
	at ✽.Verify if all the products displayed are dresses(file:///C:/Users/iamsa/eclipse/cucumberBDD/cucumberBDD/src/test/resources/features/AE_Testcases__CartFunctions_TestNG.feature:16)
</pre></div></td>
<td>17</td>
<td>automationexercise_TestRunner.TestRunner_TestNG@762ef0ea</td></tr>
</table><p>
<table width='100%' border='1' class='invocation-passed'>
<tr><td colspan='4' align='center'><b>PASSED TESTS</b></td></tr>
<tr><td><b>Test method</b></td>
<td><b>Attribute(s)</b></td>
<td width="30%"><b>Exception</b></td>
<td width="10%"><b>Time (seconds)</b></td>
<td><b>Instance</b></td>
</tr>
<tr>
<td title='automationexercise_TestRunner.TestRunner_TestNG.runScenario()'><b>runScenario</b><br>Test class: automationexercise_TestRunner.TestRunner_TestNG<br>Test method: Runs Cucumber Scenarios<br>Parameters: "User adds a product to the cart", "To verify search product,add to cart and delete from cart"</td>
<td></td>
<td>19</td>
<td>automationexercise_TestRunner.TestRunner_TestNG@762ef0ea</td></tr>
<tr>
<td title='automationexercise_TestRunner.TestRunner_TestNG.runScenario()'><b>runScenario</b><br>Test class: automationexercise_TestRunner.TestRunner_TestNG<br>Test method: Runs Cucumber Scenarios<br>Parameters: "User deletes a product from the cart", "To verify search product,add to cart and delete from cart"</td>
<td></td>
<td>14</td>
<td>automationexercise_TestRunner.TestRunner_TestNG@762ef0ea</td></tr>
</table><p>
</body>
</html>